63 [18920] INFO perfrun.launcher <> - Launcher main begin
68 [18920] INFO perfrun.launcher <> - MessageCatalogInit finished
68 [18920] INFO perfrun.launcher <> - Launcher instance created
68 [18920] INFO perfrun.launcher <> - argc = 7; cmdline = C:\Program Files (x86)\Intel\oneAPI\vtune\2024.0\bin64\amplxe-runss.exe --ui-output-format xml --ui-output-fd 960 --option-file F:\Vtune_test\Matrix\r015hs13\config\runsa.options 
87 [18920] INFO perfrun.launcher <> - New signal handler callback was added
150 [18920] INFO perfrun.launcher <> - create msngr2::ICliToolContext
150 [18920] INFO perfrun.launcher <> - create file finder object
150 [18920] INFO perfrun.launcher <> - create a result directory: pattern = F:\Vtune_test\Matrix\r015hs13 pid = 4294967295
155 [18920] INFO perfrun.launcher <> - create data directory = F:\Vtune_test\Matrix\r015hs13\data.0
155 [18920] INFO perfrun.launcher <> - Creating the master collection flag
163 [18920] INFO perfrun.launcher <> - Done creating the master collection flag
163 [31888] INFO perfrun.launcher <> - plugin [remoteplug] was disabled because it doesn't support the given collection type.
164 [31888] INFO perfrun.sdk <> - Allocating TMU :F:\Vtune_test\Matrix\r015hs13\data.0\systemcollector-26924-WangBo.sc
164 [31888] INFO perfrun.launcher <> - plugin [] was disabled because it doesn't support the given collection type.
165 [31888] INFO perfrun.launcher <> - plugin [] was disabled because it doesn't support the given collection type.
165 [31888] INFO perfrun.launcher <> - plugin [gpu] was disabled because it doesn't support the given collection type.
165 [31888] INFO perfrun.launcher <> - plugin [etw.kernel] was disabled because it doesn't support the given collection type.
165 [31888] INFO perfrun.launcher <> - plugin [etw.dx] was disabled because it doesn't support the given collection type.
165 [31888] INFO perfrun.launcher <> - plugin [etw.wsa] was disabled because it doesn't support the given collection type.
166 [31888] INFO perfrun.mrte <> - system-wide mode is 0
166 [31888] INFO perfrun.mrte <> - Getting  mrte profiling environment ...
186 [31888] INFO perfrun.mrte <> - INTEL_MRTE_DATA_DIR=F:\Vtune_test\Matrix\r015hs13\data.0
186 [31888] INFO perfrun.mrte <> - INTEL_MRTE_HOST_NAME=WangBo
186 [31888] INFO perfrun.mrte <> - JAVA_TOOL_OPTIONS=-agentlib:amplxe_samplingmrte_javaprof_1.0
186 [31888] INFO perfrun.mrte <> - PATH=C:\Program Files (x86)\Intel\oneAPI\vtune\2024.0\bin32\runtime;C:\Program Files (x86)\Intel\oneAPI\vtune\2024.0\bin64\runtime;D:\VMware\bin\;C:\Windows\system32;C:\Windows;C:\Windows\System32\Wbem;C:\Windows\System32\WindowsPowerShell\v1.0\;C:\Windows\System32\OpenSSH\;C:\Program Files (x86)\NVIDIA Corporation\PhysX\Common;C:\Program Files\NVIDIA Corporation\NVIDIA NvDLISR;C:\WINDOWS\system32;C:\WINDOWS;C:\WINDOWS\System32\Wbem;C:\WINDOWS\System32\WindowsPowerShell\v1.0\;C:\WINDOWS\System32\OpenSSH\;C:\Strawberry\c\bin;C:\Strawberry\perl\site\bin;C:\Strawberry\perl\bin;D:\MATLAB\runtime\win64;D:\MATLAB\bin;C:\Program Files\mingw64\bin;D:\nodejs\;C:\Program Files\Git\cmd;C:\TDM-GCC-64\bin;F:\python\python3.12.1\Scripts\;F:\python\python3.12.1\;C:\Users\15973\AppData\Local\Programs\Python\Python310\Scripts\;C:\Users\15973\AppData\Local\Microsoft\WindowsApps;C:\Program Files (x86)\Tencent\QQGameTempest\Hall.57938\;D:\vs code\Microsoft VS Code\bin;C:\Users\15973\AppData\Roaming\npm;F:\pycharm\PyCharm Community Edition 2023.3.2\bin;;F:\MySQL_Files\bin;F:\texlive\2023\texlive\2023\bin\windows;F:\TDM-GCC-64\bin;
186 [31888] INFO perfrun.mrte <> - COR_ENABLE_PROFILING=1
186 [31888] INFO perfrun.mrte <> - COR_PROFILER={AA5E4821-E3B1-479c-B7FF-5AD047D22CED}
186 [31888] INFO perfrun.mrte <> - COMPLUS_ProfAPI_ProfilerCompatibilitySetting=EnableV2Profiler
186 [31888] INFO perfrun.mrte <> - CORECLR_ENABLE_PROFILING=1
186 [31888] INFO perfrun.mrte <> - CORECLR_PROFILER={AA5E4821-E3B1-479c-B7FF-5AD047D22CED}
186 [31888] INFO perfrun.mrte <> - CORECLR_PROFILER_PATH=C:\Program Files (x86)\Intel\oneAPI\vtune\2024.0\bin64/amplxe_samplingmrte_clrprof_1.0.dll
186 [31888] INFO perfrun.mrte <> - INTEL_MRTE_PROFILER_MODE=mixed
186 [31888] INFO perfrun.mrte <> - Data directory: F:\Vtune_test\Matrix\r015hs13\data.0
186 [31888] INFO perfrun.mrte <> - Mrte plugin is initialized
186 [31888] INFO perfrun.launcher <> - plugin [emon] was disabled because it doesn't support the given collection type.
186 [31888] INFO perfrun.launcher <> - plugin [cuscol] was disabled because it doesn't support the given collection type.
186 [31888] INFO perfrun.launcher <> - plugin [stdsrc] was disabled because it doesn't support the given collection type.
192 [31888] INFO perfrun.sdk <> - runCmd: "C:\Program Files (x86)\Intel\oneAPI\vtune\2024.0\bin64\sep.exe" -dry-run -ec CPU_CLK_UNHALTED.DISTRIBUTED:sa=2700000:precise=yes,CPU_CLK_UNHALTED.REF_TSC:sa=2700000:precise=yes,CPU_CLK_UNHALTED.THREAD:sa=2700000:precise=yes,FP_ARITH_INST_RETIRED.128B_PACKED_DOUBLE:sa=2000003:precise=yes,FP_ARITH_INST_RETIRED.128B_PACKED_SINGLE:sa=2000003:precise=yes,FP_ARITH_INST_RETIRED.256B_PACKED_DOUBLE:sa=2000003:precise=yes,FP_ARITH_INST_RETIRED.256B_PACKED_SINGLE:sa=2000003:precise=yes,FP_ARITH_INST_RETIRED.SCALAR_DOUBLE:sa=2000003:precise=yes,FP_ARITH_INST_RETIRED.SCALAR_SINGLE:sa=2000003:precise=yes,INST_RETIRED.ANY:sa=2700000:precise=yes,TOPDOWN.SLOTS:sa=2000003:precise=yes,TOPDOWN_RETIRING.ALL:sa=2000003:precise=yes,UOPS_EXECUTED.THREAD:sa=2000003:precise=yes,UOPS_EXECUTED.X87:sa=2000003:precise=yes,UOPS_RETIRED.SLOTS:sa=2000003:precise=yes,MEM_LOAD_RETIRED.L1_HIT:sa=1000003:precise=yes,MEM_LOAD_RETIRED.L1_MISS:sa=200003:precise=yes,MEM_LOAD_RETIRED.L2_HIT:sa=200003:precise=yes,MEM_LOAD_RETIRED.L2_MISS:sa=100021:precise=yes,MEM_LOAD_RETIRED.L3_HIT:sa=100021:precise=yes,MEM_LOAD_RETIRED.L3_MISS:sa=50021:precise=yes -experimental
196 [31888] INFO perfrun.sdk <> - runCmd started PID 31892
296 [31888] INFO perfrun.launcher <> - plugin [vtsspp] was disabled because it doesn't support the given collection type.
296 [31888] INFO perfrun.launcher <> - plugin [] was disabled because it doesn't support the given collection type.
296 [31888] INFO perfrun.launcher <> - plugin [aoclprofile] was disabled because it doesn't support the given collection type.
296 [31888] INFO perfrun.tpss <> - initialize tpss controller
296 [31888] INFO perfrun.launcher <> - plugin [tpss] was disabled because it doesn't support the given collection type.
296 [31888] INFO perfrun.launcher <> - plugin [] was disabled because it doesn't support the given collection type.
296 [31888] INFO perfrun.launcher <> - plugin [] was disabled because it doesn't support the given collection type.
296 [31888] INFO perfrun.launcher <> - plugin [] was disabled because it doesn't support the given collection type.
296 [31888] INFO perfrun.launcher <> - plugin [] was disabled because it doesn't support the given collection type.
296 [31888] INFO perfrun.launcher <> - plugin [power] was disabled because it doesn't support the given collection type.
296 [31888] INFO perfrun.launcher <> - plugin [] was disabled because it doesn't support the given collection type.
296 [31888] INFO perfrun.launcher <> - plugin [ipmwatch] was disabled because it doesn't support the given collection type.
296 [31888] INFO perfrun.launcher <> - plugin [os_counters] was disabled because it doesn't support the given collection type.
296 [31888] INFO perfrun.launcher <> - plugin [l0_metrics] was disabled because it doesn't support the given collection type.
297 [18920] INFO perfrun.launcher <> - set environment variable: PATH = C:\Program Files (x86)\Intel\oneAPI\vtune\2024.0\bin32\runtime;C:\Program Files (x86)\Intel\oneAPI\vtune\2024.0\bin64\runtime;D:\VMware\bin\;C:\Windows\system32;C:\Windows;C:\Windows\System32\Wbem;C:\Windows\System32\WindowsPowerShell\v1.0\;C:\Windows\System32\OpenSSH\;C:\Program Files (x86)\NVIDIA Corporation\PhysX\Common;C:\Program Files\NVIDIA Corporation\NVIDIA NvDLISR;C:\WINDOWS\system32;C:\WINDOWS;C:\WINDOWS\System32\Wbem;C:\WINDOWS\System32\WindowsPowerShell\v1.0\;C:\WINDOWS\System32\OpenSSH\;C:\Strawberry\c\bin;C:\Strawberry\perl\site\bin;C:\Strawberry\perl\bin;D:\MATLAB\runtime\win64;D:\MATLAB\bin;C:\Program Files\mingw64\bin;D:\nodejs\;C:\Program Files\Git\cmd;C:\TDM-GCC-64\bin;F:\python\python3.12.1\Scripts\;F:\python\python3.12.1\;C:\Users\15973\AppData\Local\Programs\Python\Python310\Scripts\;C:\Users\15973\AppData\Local\Microsoft\WindowsApps;C:\Program Files (x86)\Tencent\QQGameTempest\Hall.57938\;D:\vs code\Microsoft VS Code\bin;C:\Users\15973\AppData\Roaming\npm;F:\pycharm\PyCharm Community Edition 2023.3.2\bin;;F:\MySQL_Files\bin;F:\texlive\2023\texlive\2023\bin\windows;F:\TDM-GCC-64\bin;
297 [18920] INFO perfrun.launcher <> - set environment variable: INTEL_LIBITTNOTIFY32 = C:\Program Files (x86)\Intel\oneAPI\vtune\2024.0\bin32\runtime\ittnotify_collector.dll
297 [18920] INFO perfrun.launcher <> - set environment variable: INTEL_LIBITTNOTIFY64 = C:\Program Files (x86)\Intel\oneAPI\vtune\2024.0\bin64\runtime\ittnotify_collector.dll
297 [18920] INFO perfrun.launcher <> - set environment variable: INTEL_ITTNOTIFY_GROUPS = 
297 [18920] INFO perfrun.launcher <> - set environment variable: INTEL_JIT_PROFILER32 = C:\Program Files (x86)\Intel\oneAPI\vtune\2024.0\bin32\runtime\ittnotify_collector.dll
297 [18920] INFO perfrun.launcher <> - set environment variable: INTEL_JIT_PROFILER64 = C:\Program Files (x86)\Intel\oneAPI\vtune\2024.0\bin64\runtime\ittnotify_collector.dll
297 [18920] INFO perfrun.launcher <> - set environment variable: ENABLE_JITPROFILING = 1
297 [18920] INFO perfrun.launcher <> - set environment variable: CL_CONFIG_USE_VTUNE = True
297 [18920] INFO perfrun.launcher <> - set environment variable: KMP_FORKJOIN_FRAMES = 0
297 [18920] INFO perfrun.launcher <> - set environment variable: KMP_FORKJOIN_FRAMES_MODE = 0
297 [18920] INFO perfrun.launcher <> - set environment variable: INTEL_MRTE_DATA_DIR = F:\Vtune_test\Matrix\r015hs13\data.0
297 [18920] INFO perfrun.launcher <> - set environment variable: INTEL_MRTE_HOST_NAME = WangBo
297 [18920] INFO perfrun.launcher <> - set environment variable: JAVA_TOOL_OPTIONS = -agentlib:amplxe_samplingmrte_javaprof_1.0
297 [18920] INFO perfrun.launcher <> - set environment variable: PATH = C:\Program Files (x86)\Intel\oneAPI\vtune\2024.0\bin32\runtime;C:\Program Files (x86)\Intel\oneAPI\vtune\2024.0\bin64\runtime;D:\VMware\bin\;C:\Windows\system32;C:\Windows;C:\Windows\System32\Wbem;C:\Windows\System32\WindowsPowerShell\v1.0\;C:\Windows\System32\OpenSSH\;C:\Program Files (x86)\NVIDIA Corporation\PhysX\Common;C:\Program Files\NVIDIA Corporation\NVIDIA NvDLISR;C:\WINDOWS\system32;C:\WINDOWS;C:\WINDOWS\System32\Wbem;C:\WINDOWS\System32\WindowsPowerShell\v1.0\;C:\WINDOWS\System32\OpenSSH\;C:\Strawberry\c\bin;C:\Strawberry\perl\site\bin;C:\Strawberry\perl\bin;D:\MATLAB\runtime\win64;D:\MATLAB\bin;C:\Program Files\mingw64\bin;D:\nodejs\;C:\Program Files\Git\cmd;C:\TDM-GCC-64\bin;F:\python\python3.12.1\Scripts\;F:\python\python3.12.1\;C:\Users\15973\AppData\Local\Programs\Python\Python310\Scripts\;C:\Users\15973\AppData\Local\Microsoft\WindowsApps;C:\Program Files (x86)\Tencent\QQGameTempest\Hall.57938\;D:\vs code\Microsoft VS Code\bin;C:\Users\15973\AppData\Roaming\npm;F:\pycharm\PyCharm Community Edition 2023.3.2\bin;;F:\MySQL_Files\bin;F:\texlive\2023\texlive\2023\bin\windows;F:\TDM-GCC-64\bin;
297 [18920] INFO perfrun.launcher <> - set environment variable: COR_ENABLE_PROFILING = 1
297 [18920] INFO perfrun.launcher <> - set environment variable: COR_PROFILER = {AA5E4821-E3B1-479c-B7FF-5AD047D22CED}
297 [18920] INFO perfrun.launcher <> - set environment variable: COMPLUS_ProfAPI_ProfilerCompatibilitySetting = EnableV2Profiler
297 [18920] INFO perfrun.launcher <> - set environment variable: CORECLR_ENABLE_PROFILING = 1
297 [18920] INFO perfrun.launcher <> - set environment variable: CORECLR_PROFILER = {AA5E4821-E3B1-479c-B7FF-5AD047D22CED}
297 [18920] INFO perfrun.launcher <> - set environment variable: CORECLR_PROFILER_PATH = C:\Program Files (x86)\Intel\oneAPI\vtune\2024.0\bin64/amplxe_samplingmrte_clrprof_1.0.dll
297 [18920] INFO perfrun.launcher <> - set environment variable: INTEL_MRTE_PROFILER_MODE = mixed
297 [18920] INFO perfrun.launcher <> - RpcServer: run RPC server to handle requests
300 [18920] INFO perfrun.sdk <> - IProcessUtil: the given executable 'C:\Users\15973\Desktop\大二下\并行程序设计\Codes\Matrix_Vtune\x64\Debug\Matrix_Vtune.exe' is valid.
300 [18920] INFO perfrun.launcher <> - Launcher: command line to start before modification = C:\Users\15973\Desktop\大二下\并行程序设计\Codes\Matrix_Vtune\x64\Debug\Matrix_Vtune.exe
300 [18920] INFO perfrun.launcher <> - Launcher: command line to start after modification = C:\Users\15973\Desktop\大二下\并行程序设计\Codes\Matrix_Vtune\x64\Debug\Matrix_Vtune.exe
300 [18920] INFO perfrun.launcher <> - ProcessCreator object was created
302 [18920] INFO perfrun.launcher <> - Launcher: the process was started in suspend mode
308 [31888] INFO perfrun.itt <> - start itt controller for pid #31968
308 [31888] INFO perfrun.sdk <> - runCmd: "C:\Program Files (x86)\Intel\oneAPI\vtune\2024.0\bin64\sep.exe" -start -experimental -uem timer=10 -full-pebs-capture -em factor=5 -p-state trigger=CPU_CLK_UNHALTED.REF_TSC -out F:\Vtune_test\Matrix\r015hs13\data.0\sep7c90.20240321T105423.520400 -ec INST_RETIRED.ANY:sa=2700000:precise=yes,CPU_CLK_UNHALTED.THREAD:sa=2700000:precise=yes,CPU_CLK_UNHALTED.REF_TSC:sa=2700000:precise=yes,TOPDOWN.SLOTS:sa=2000003:precise=yes,MEM_LOAD_RETIRED.L1_HIT:sa=1000003:precise=yes,MEM_LOAD_RETIRED.L1_MISS:sa=200003:precise=yes,MEM_LOAD_RETIRED.L2_HIT:sa=200003:precise=yes,MEM_LOAD_RETIRED.L2_MISS:sa=100021:precise=yes,CPU_CLK_UNHALTED.DISTRIBUTED:sa=2700000:precise=yes,FP_ARITH_INST_RETIRED.128B_PACKED_DOUBLE:sa=2000003:precise=yes,FP_ARITH_INST_RETIRED.128B_PACKED_SINGLE:sa=2000003:precise=yes,FP_ARITH_INST_RETIRED.256B_PACKED_DOUBLE:sa=2000003:precise=yes,MEM_LOAD_RETIRED.L3_HIT:sa=100021:precise=yes,MEM_LOAD_RETIRED.L3_MISS:sa=50021:precise=yes,FP_ARITH_INST_RETIRED.256B_PACKED_SINGLE:sa=2000003:precise=yes,FP_ARITH_INST_RETIRED.SCALAR_DOUBLE:sa=2000003:precise=yes,FP_ARITH_INST_RETIRED.SCALAR_SINGLE:sa=2000003:precise=yes,UOPS_EXECUTED.THREAD:sa=2000003:precise=yes,UOPS_EXECUTED.X87:sa=2000003:precise=yes,UOPS_RETIRED.SLOTS:sa=2000003:precise=yes,TOPDOWN_RETIRING.ALL:sa=2000003:precise=yes, -d 0 -uem factor=10
312 [31888] INFO perfrun.sdk <> - runCmd started PID 31980
824 [18920] INFO perfrun.launcher <> - Launcher: all plugins were started
824 [18920] INFO perfrun.launcher <> - DirectoryMonitor object was created
824 [18920] INFO perfrun.launcher <> - DirectoryMonitor: a callback was added
824 [18920] INFO perfrun.launcher <> - DirectoryMonitor was started with pingTime = 1000
824 [18920] INFO perfrun.launcher <> - DeadlineTimer is going to be constructed
824 [18920] INFO perfrun.launcher <> - DeadlineTimer: a callback was added
831 [18920] INFO perfrun.launcher <> - Launcher: resume the profiled application and  wait its termination or stop command
835 [18920] INFO perfrun.launcher <> - Launcher: the profiled application was terminated  with exit code = 0
838 [31888] INFO perfrun.itt <> - detach itt controller
838 [31888] INFO perfrun.itt <> - detach itt controller done
838 [31888] INFO perfrun.sdk <> - runCmd: "C:\Program Files (x86)\Intel\oneAPI\vtune\2024.0\bin64\sep.exe" -stop
841 [31888] INFO perfrun.sdk <> - runCmd started PID 32204
1437 [31888] INFO perfrun.sepdk <> - Sampling successfully stopped.
WARNING: Windows Defender Antivirus may interfere PMU counter accesses which can fail to collect data in the collection. Please turn off Real Time Protection toggle switch and re-run the collection. Refer to SEP User Guide for more details.

1437 [31888] INFO perfrun.sepdk <> - Waiting for main SEP process (31980) to finish...
1437 [31888] INFO perfrun.sepdk <> - Main SEP process finished
1437 [31888] INFO perfrun.sdk <> - De-allocating TMU: F:\Vtune_test\Matrix\r015hs13\data.0\systemcollector-26924-WangBo.sc
1462 [31888] INFO perfrun.system <> - closed the system trace file: F:\Vtune_test\Matrix\r015hs13\data.0\systemcollector-26924-WangBo.sc
1462 [18920] INFO perfrun.launcher <> - Launcher: all plugins were stopped.
1462 [18920] INFO perfrun.launcher <> - DeadlineTimer is going to be destroyed
1462 [18920] INFO perfrun.launcher <> - DeadlineTimer was destroyed
1462 [18920] INFO perfrun.launcher <> - DirectoryMonitor object was destroyed
1462 [18920] WARN perfrun.launcher <> - Stop command is ignored because it is received when collection is already stopped, at file: vcs\perfrun1\launcher\src\command_handler.cpp:226
1463 [18920] INFO perfrun.launcher <> - Application exit code: 0
1463 [18920] INFO perfrun.launcher <> - Exit code: 0
