63 [24956] INFO perfrun.launcher <> - Launcher main begin
68 [24956] INFO perfrun.launcher <> - MessageCatalogInit finished
68 [24956] INFO perfrun.launcher <> - Launcher instance created
68 [24956] INFO perfrun.launcher <> - argc = 7; cmdline = C:\Program Files (x86)\Intel\oneAPI\vtune\2024.0\bin64\amplxe-runss.exe --ui-output-format xml --ui-output-fd 1060 --option-file F:\Vtune_test\Matrix_small\r008hs16\config\runsa.options 
97 [24956] INFO perfrun.launcher <> - New signal handler callback was added
155 [24956] INFO perfrun.launcher <> - create msngr2::ICliToolContext
155 [24956] INFO perfrun.launcher <> - create file finder object
155 [24956] INFO perfrun.launcher <> - create a result directory: pattern = F:\Vtune_test\Matrix_small\r008hs16 pid = 4294967295
159 [24956] INFO perfrun.launcher <> - create data directory = F:\Vtune_test\Matrix_small\r008hs16\data.0
160 [24956] INFO perfrun.launcher <> - Creating the master collection flag
171 [24956] INFO perfrun.launcher <> - Done creating the master collection flag
171 [21888] INFO perfrun.launcher <> - plugin [remoteplug] was disabled because it doesn't support the given collection type.
172 [21888] INFO perfrun.sdk <> - Allocating TMU :F:\Vtune_test\Matrix_small\r008hs16\data.0\systemcollector-24944-WangBo.sc
172 [21888] INFO perfrun.launcher <> - plugin [] was disabled because it doesn't support the given collection type.
174 [21888] INFO perfrun.launcher <> - plugin [] was disabled because it doesn't support the given collection type.
174 [21888] INFO perfrun.launcher <> - plugin [gpu] was disabled because it doesn't support the given collection type.
174 [21888] INFO perfrun.launcher <> - plugin [etw.kernel] was disabled because it doesn't support the given collection type.
174 [21888] INFO perfrun.launcher <> - plugin [etw.dx] was disabled because it doesn't support the given collection type.
174 [21888] INFO perfrun.launcher <> - plugin [etw.wsa] was disabled because it doesn't support the given collection type.
174 [21888] INFO perfrun.mrte <> - system-wide mode is 0
174 [21888] INFO perfrun.mrte <> - Getting  mrte profiling environment ...
228 [21888] INFO perfrun.mrte <> - INTEL_MRTE_DATA_DIR=F:\Vtune_test\Matrix_small\r008hs16\data.0
228 [21888] INFO perfrun.mrte <> - INTEL_MRTE_HOST_NAME=WangBo
228 [21888] INFO perfrun.mrte <> - JAVA_TOOL_OPTIONS=-agentlib:amplxe_samplingmrte_javaprof_1.0
228 [21888] INFO perfrun.mrte <> - PATH=C:\Program Files (x86)\Intel\oneAPI\vtune\2024.0\bin32\runtime;C:\Program Files (x86)\Intel\oneAPI\vtune\2024.0\bin64\runtime;D:\VMware\bin\;C:\Windows\system32;C:\Windows;C:\Windows\System32\Wbem;C:\Windows\System32\WindowsPowerShell\v1.0\;C:\Windows\System32\OpenSSH\;C:\Program Files (x86)\NVIDIA Corporation\PhysX\Common;C:\Program Files\NVIDIA Corporation\NVIDIA NvDLISR;C:\WINDOWS\system32;C:\WINDOWS;C:\WINDOWS\System32\Wbem;C:\WINDOWS\System32\WindowsPowerShell\v1.0\;C:\WINDOWS\System32\OpenSSH\;C:\Strawberry\c\bin;C:\Strawberry\perl\site\bin;C:\Strawberry\perl\bin;D:\MATLAB\runtime\win64;D:\MATLAB\bin;C:\Program Files\mingw64\bin;D:\nodejs\;C:\Program Files\Git\cmd;C:\TDM-GCC-64\bin;E:\Wechat_devtool\微信web开发者工具\dll;F:\python\python3.12.1\Scripts\;F:\python\python3.12.1\;C:\Users\15973\AppData\Local\Programs\Python\Python310\Scripts\;C:\Users\15973\AppData\Local\Microsoft\WindowsApps;C:\Program Files (x86)\Tencent\QQGameTempest\Hall.57938\;D:\vs code\Microsoft VS Code\bin;C:\Users\15973\AppData\Roaming\npm;F:\pycharm\PyCharm Community Edition 2023.3.2\bin;;F:\MySQL_Files\bin;F:\texlive\2023\texlive\2023\bin\windows;F:\TDM-GCC-64\bin;
228 [21888] INFO perfrun.mrte <> - COR_ENABLE_PROFILING=1
228 [21888] INFO perfrun.mrte <> - COR_PROFILER={AA5E4821-E3B1-479c-B7FF-5AD047D22CED}
228 [21888] INFO perfrun.mrte <> - COMPLUS_ProfAPI_ProfilerCompatibilitySetting=EnableV2Profiler
228 [21888] INFO perfrun.mrte <> - CORECLR_ENABLE_PROFILING=1
228 [21888] INFO perfrun.mrte <> - CORECLR_PROFILER={AA5E4821-E3B1-479c-B7FF-5AD047D22CED}
228 [21888] INFO perfrun.mrte <> - CORECLR_PROFILER_PATH=C:\Program Files (x86)\Intel\oneAPI\vtune\2024.0\bin64/amplxe_samplingmrte_clrprof_1.0.dll
228 [21888] INFO perfrun.mrte <> - INTEL_MRTE_PROFILER_MODE=mixed
228 [21888] INFO perfrun.mrte <> - Data directory: F:\Vtune_test\Matrix_small\r008hs16\data.0
228 [21888] INFO perfrun.mrte <> - Mrte plugin is initialized
228 [21888] INFO perfrun.launcher <> - plugin [emon] was disabled because it doesn't support the given collection type.
228 [21888] INFO perfrun.launcher <> - plugin [cuscol] was disabled because it doesn't support the given collection type.
228 [21888] INFO perfrun.launcher <> - plugin [stdsrc] was disabled because it doesn't support the given collection type.
229 [21888] INFO perfrun.sdk <> - runCmd: "C:\Program Files (x86)\Intel\oneAPI\vtune\2024.0\bin64\sep.exe" -dry-run -ec CPU_CLK_UNHALTED.DISTRIBUTED:sa=2700000:precise=yes,CPU_CLK_UNHALTED.REF_TSC:sa=2700000:precise=yes,CPU_CLK_UNHALTED.THREAD:sa=2700000:precise=yes,FP_ARITH_INST_RETIRED.128B_PACKED_DOUBLE:sa=2000003:precise=yes,FP_ARITH_INST_RETIRED.128B_PACKED_SINGLE:sa=2000003:precise=yes,FP_ARITH_INST_RETIRED.256B_PACKED_DOUBLE:sa=2000003:precise=yes,FP_ARITH_INST_RETIRED.256B_PACKED_SINGLE:sa=2000003:precise=yes,FP_ARITH_INST_RETIRED.SCALAR_DOUBLE:sa=2000003:precise=yes,FP_ARITH_INST_RETIRED.SCALAR_SINGLE:sa=2000003:precise=yes,INST_RETIRED.ANY:sa=2700000:precise=yes,TOPDOWN.SLOTS:sa=2000003:precise=yes,TOPDOWN_RETIRING.ALL:sa=2000003:precise=yes,UOPS_EXECUTED.THREAD:sa=2000003:precise=yes,UOPS_EXECUTED.X87:sa=2000003:precise=yes,UOPS_RETIRED.SLOTS:sa=2000003:precise=yes,MEM_LOAD_RETIRED.L1_HIT:sa=1000003:precise=yes,MEM_LOAD_RETIRED.L1_MISS:sa=200003:precise=yes,MEM_LOAD_RETIRED.L2_HIT:sa=200003:precise=yes,MEM_LOAD_RETIRED.L2_MISS:sa=100021:precise=yes,MEM_LOAD_RETIRED.L3_HIT:sa=100021:precise=yes,MEM_LOAD_RETIRED.L3_MISS:sa=50021:precise=yes -experimental
233 [21888] INFO perfrun.sdk <> - runCmd started PID 22724
332 [21888] INFO perfrun.launcher <> - plugin [vtsspp] was disabled because it doesn't support the given collection type.
332 [21888] INFO perfrun.launcher <> - plugin [] was disabled because it doesn't support the given collection type.
332 [21888] INFO perfrun.launcher <> - plugin [aoclprofile] was disabled because it doesn't support the given collection type.
332 [21888] INFO perfrun.tpss <> - initialize tpss controller
332 [21888] INFO perfrun.launcher <> - plugin [tpss] was disabled because it doesn't support the given collection type.
332 [21888] INFO perfrun.launcher <> - plugin [] was disabled because it doesn't support the given collection type.
332 [21888] INFO perfrun.launcher <> - plugin [] was disabled because it doesn't support the given collection type.
332 [21888] INFO perfrun.launcher <> - plugin [] was disabled because it doesn't support the given collection type.
332 [21888] INFO perfrun.launcher <> - plugin [] was disabled because it doesn't support the given collection type.
332 [21888] INFO perfrun.launcher <> - plugin [power] was disabled because it doesn't support the given collection type.
332 [21888] INFO perfrun.launcher <> - plugin [] was disabled because it doesn't support the given collection type.
332 [21888] INFO perfrun.launcher <> - plugin [ipmwatch] was disabled because it doesn't support the given collection type.
332 [21888] INFO perfrun.launcher <> - plugin [os_counters] was disabled because it doesn't support the given collection type.
332 [21888] INFO perfrun.launcher <> - plugin [l0_metrics] was disabled because it doesn't support the given collection type.
332 [24956] INFO perfrun.launcher <> - set environment variable: PATH = C:\Program Files (x86)\Intel\oneAPI\vtune\2024.0\bin32\runtime;C:\Program Files (x86)\Intel\oneAPI\vtune\2024.0\bin64\runtime;D:\VMware\bin\;C:\Windows\system32;C:\Windows;C:\Windows\System32\Wbem;C:\Windows\System32\WindowsPowerShell\v1.0\;C:\Windows\System32\OpenSSH\;C:\Program Files (x86)\NVIDIA Corporation\PhysX\Common;C:\Program Files\NVIDIA Corporation\NVIDIA NvDLISR;C:\WINDOWS\system32;C:\WINDOWS;C:\WINDOWS\System32\Wbem;C:\WINDOWS\System32\WindowsPowerShell\v1.0\;C:\WINDOWS\System32\OpenSSH\;C:\Strawberry\c\bin;C:\Strawberry\perl\site\bin;C:\Strawberry\perl\bin;D:\MATLAB\runtime\win64;D:\MATLAB\bin;C:\Program Files\mingw64\bin;D:\nodejs\;C:\Program Files\Git\cmd;C:\TDM-GCC-64\bin;E:\Wechat_devtool\微信web开发者工具\dll;F:\python\python3.12.1\Scripts\;F:\python\python3.12.1\;C:\Users\15973\AppData\Local\Programs\Python\Python310\Scripts\;C:\Users\15973\AppData\Local\Microsoft\WindowsApps;C:\Program Files (x86)\Tencent\QQGameTempest\Hall.57938\;D:\vs code\Microsoft VS Code\bin;C:\Users\15973\AppData\Roaming\npm;F:\pycharm\PyCharm Community Edition 2023.3.2\bin;;F:\MySQL_Files\bin;F:\texlive\2023\texlive\2023\bin\windows;F:\TDM-GCC-64\bin;
332 [24956] INFO perfrun.launcher <> - set environment variable: INTEL_LIBITTNOTIFY32 = C:\Program Files (x86)\Intel\oneAPI\vtune\2024.0\bin32\runtime\ittnotify_collector.dll
332 [24956] INFO perfrun.launcher <> - set environment variable: INTEL_LIBITTNOTIFY64 = C:\Program Files (x86)\Intel\oneAPI\vtune\2024.0\bin64\runtime\ittnotify_collector.dll
332 [24956] INFO perfrun.launcher <> - set environment variable: INTEL_ITTNOTIFY_GROUPS = 
332 [24956] INFO perfrun.launcher <> - set environment variable: INTEL_JIT_PROFILER32 = C:\Program Files (x86)\Intel\oneAPI\vtune\2024.0\bin32\runtime\ittnotify_collector.dll
332 [24956] INFO perfrun.launcher <> - set environment variable: INTEL_JIT_PROFILER64 = C:\Program Files (x86)\Intel\oneAPI\vtune\2024.0\bin64\runtime\ittnotify_collector.dll
332 [24956] INFO perfrun.launcher <> - set environment variable: ENABLE_JITPROFILING = 1
332 [24956] INFO perfrun.launcher <> - set environment variable: CL_CONFIG_USE_VTUNE = True
332 [24956] INFO perfrun.launcher <> - set environment variable: KMP_FORKJOIN_FRAMES = 0
332 [24956] INFO perfrun.launcher <> - set environment variable: KMP_FORKJOIN_FRAMES_MODE = 0
332 [24956] INFO perfrun.launcher <> - set environment variable: INTEL_MRTE_DATA_DIR = F:\Vtune_test\Matrix_small\r008hs16\data.0
333 [24956] INFO perfrun.launcher <> - set environment variable: INTEL_MRTE_HOST_NAME = WangBo
333 [24956] INFO perfrun.launcher <> - set environment variable: JAVA_TOOL_OPTIONS = -agentlib:amplxe_samplingmrte_javaprof_1.0
333 [24956] INFO perfrun.launcher <> - set environment variable: PATH = C:\Program Files (x86)\Intel\oneAPI\vtune\2024.0\bin32\runtime;C:\Program Files (x86)\Intel\oneAPI\vtune\2024.0\bin64\runtime;D:\VMware\bin\;C:\Windows\system32;C:\Windows;C:\Windows\System32\Wbem;C:\Windows\System32\WindowsPowerShell\v1.0\;C:\Windows\System32\OpenSSH\;C:\Program Files (x86)\NVIDIA Corporation\PhysX\Common;C:\Program Files\NVIDIA Corporation\NVIDIA NvDLISR;C:\WINDOWS\system32;C:\WINDOWS;C:\WINDOWS\System32\Wbem;C:\WINDOWS\System32\WindowsPowerShell\v1.0\;C:\WINDOWS\System32\OpenSSH\;C:\Strawberry\c\bin;C:\Strawberry\perl\site\bin;C:\Strawberry\perl\bin;D:\MATLAB\runtime\win64;D:\MATLAB\bin;C:\Program Files\mingw64\bin;D:\nodejs\;C:\Program Files\Git\cmd;C:\TDM-GCC-64\bin;E:\Wechat_devtool\微信web开发者工具\dll;F:\python\python3.12.1\Scripts\;F:\python\python3.12.1\;C:\Users\15973\AppData\Local\Programs\Python\Python310\Scripts\;C:\Users\15973\AppData\Local\Microsoft\WindowsApps;C:\Program Files (x86)\Tencent\QQGameTempest\Hall.57938\;D:\vs code\Microsoft VS Code\bin;C:\Users\15973\AppData\Roaming\npm;F:\pycharm\PyCharm Community Edition 2023.3.2\bin;;F:\MySQL_Files\bin;F:\texlive\2023\texlive\2023\bin\windows;F:\TDM-GCC-64\bin;
333 [24956] INFO perfrun.launcher <> - set environment variable: COR_ENABLE_PROFILING = 1
333 [24956] INFO perfrun.launcher <> - set environment variable: COR_PROFILER = {AA5E4821-E3B1-479c-B7FF-5AD047D22CED}
333 [24956] INFO perfrun.launcher <> - set environment variable: COMPLUS_ProfAPI_ProfilerCompatibilitySetting = EnableV2Profiler
333 [24956] INFO perfrun.launcher <> - set environment variable: CORECLR_ENABLE_PROFILING = 1
333 [24956] INFO perfrun.launcher <> - set environment variable: CORECLR_PROFILER = {AA5E4821-E3B1-479c-B7FF-5AD047D22CED}
333 [24956] INFO perfrun.launcher <> - set environment variable: CORECLR_PROFILER_PATH = C:\Program Files (x86)\Intel\oneAPI\vtune\2024.0\bin64/amplxe_samplingmrte_clrprof_1.0.dll
333 [24956] INFO perfrun.launcher <> - set environment variable: INTEL_MRTE_PROFILER_MODE = mixed
333 [24956] INFO perfrun.launcher <> - RpcServer: run RPC server to handle requests
336 [24956] INFO perfrun.sdk <> - IProcessUtil: the given executable 'C:\Users\15973\Desktop\大二下\并行程序设计\Codes\Matrix_Vtune\x64\Debug\Matrix_Vtune.exe' is valid.
336 [24956] INFO perfrun.launcher <> - Launcher: command line to start before modification = C:\Users\15973\Desktop\大二下\并行程序设计\Codes\Matrix_Vtune\x64\Debug\Matrix_Vtune.exe
336 [24956] INFO perfrun.launcher <> - Launcher: command line to start after modification = C:\Users\15973\Desktop\大二下\并行程序设计\Codes\Matrix_Vtune\x64\Debug\Matrix_Vtune.exe
336 [24956] INFO perfrun.launcher <> - ProcessCreator object was created
338 [24956] INFO perfrun.launcher <> - Launcher: the process was started in suspend mode
341 [21888] INFO perfrun.itt <> - start itt controller for pid #25040
347 [21888] INFO perfrun.sdk <> - runCmd: "C:\Program Files (x86)\Intel\oneAPI\vtune\2024.0\bin64\sep.exe" -start -experimental -uem timer=10 -full-pebs-capture -em factor=5 -p-state trigger=CPU_CLK_UNHALTED.REF_TSC -out F:\Vtune_test\Matrix_small\r008hs16\data.0\sep5580.20240321T185842.565323 -ec INST_RETIRED.ANY:sa=2700000:precise=yes,CPU_CLK_UNHALTED.THREAD:sa=2700000:precise=yes,CPU_CLK_UNHALTED.REF_TSC:sa=2700000:precise=yes,TOPDOWN.SLOTS:sa=2000003:precise=yes,MEM_LOAD_RETIRED.L1_HIT:sa=1000003:precise=yes,MEM_LOAD_RETIRED.L1_MISS:sa=200003:precise=yes,MEM_LOAD_RETIRED.L2_HIT:sa=200003:precise=yes,MEM_LOAD_RETIRED.L2_MISS:sa=100021:precise=yes,CPU_CLK_UNHALTED.DISTRIBUTED:sa=2700000:precise=yes,FP_ARITH_INST_RETIRED.128B_PACKED_DOUBLE:sa=2000003:precise=yes,FP_ARITH_INST_RETIRED.128B_PACKED_SINGLE:sa=2000003:precise=yes,FP_ARITH_INST_RETIRED.256B_PACKED_DOUBLE:sa=2000003:precise=yes,MEM_LOAD_RETIRED.L3_HIT:sa=100021:precise=yes,MEM_LOAD_RETIRED.L3_MISS:sa=50021:precise=yes,FP_ARITH_INST_RETIRED.256B_PACKED_SINGLE:sa=2000003:precise=yes,FP_ARITH_INST_RETIRED.SCALAR_DOUBLE:sa=2000003:precise=yes,FP_ARITH_INST_RETIRED.SCALAR_SINGLE:sa=2000003:precise=yes,UOPS_EXECUTED.THREAD:sa=2000003:precise=yes,UOPS_EXECUTED.X87:sa=2000003:precise=yes,UOPS_RETIRED.SLOTS:sa=2000003:precise=yes,TOPDOWN_RETIRING.ALL:sa=2000003:precise=yes, -d 0 -uem factor=10
350 [21888] INFO perfrun.sdk <> - runCmd started PID 24412
855 [24956] INFO perfrun.launcher <> - Launcher: all plugins were started
855 [24956] INFO perfrun.launcher <> - DirectoryMonitor object was created
856 [24956] INFO perfrun.launcher <> - DirectoryMonitor: a callback was added
856 [24956] INFO perfrun.launcher <> - DirectoryMonitor was started with pingTime = 1000
856 [24956] INFO perfrun.launcher <> - DeadlineTimer is going to be constructed
856 [24956] INFO perfrun.launcher <> - DeadlineTimer: a callback was added
864 [24956] INFO perfrun.launcher <> - Launcher: resume the profiled application and  wait its termination or stop command
874 [24956] INFO perfrun.launcher <> - Launcher: the profiled application was terminated  with exit code = 0
878 [21888] INFO perfrun.itt <> - detach itt controller
878 [21888] INFO perfrun.itt <> - detach itt controller done
878 [21888] INFO perfrun.sdk <> - runCmd: "C:\Program Files (x86)\Intel\oneAPI\vtune\2024.0\bin64\sep.exe" -stop
881 [21888] INFO perfrun.sdk <> - runCmd started PID 24248
1411 [21888] INFO perfrun.sepdk <> - Sampling successfully stopped.
WARNING: Windows Defender Antivirus may interfere PMU counter accesses which can fail to collect data in the collection. Please turn off Real Time Protection toggle switch and re-run the collection. Refer to SEP User Guide for more details.

1411 [21888] INFO perfrun.sepdk <> - Waiting for main SEP process (24412) to finish...
1411 [21888] INFO perfrun.sepdk <> - Main SEP process finished
1411 [21888] INFO perfrun.sdk <> - De-allocating TMU: F:\Vtune_test\Matrix_small\r008hs16\data.0\systemcollector-24944-WangBo.sc
1436 [21888] INFO perfrun.system <> - closed the system trace file: F:\Vtune_test\Matrix_small\r008hs16\data.0\systemcollector-24944-WangBo.sc
1436 [24956] INFO perfrun.launcher <> - Launcher: all plugins were stopped.
1436 [24956] INFO perfrun.launcher <> - DeadlineTimer is going to be destroyed
1436 [24956] INFO perfrun.launcher <> - DeadlineTimer was destroyed
1436 [24956] INFO perfrun.launcher <> - DirectoryMonitor object was destroyed
1436 [24956] WARN perfrun.launcher <> - Stop command is ignored because it is received when collection is already stopped, at file: vcs\perfrun1\launcher\src\command_handler.cpp:226
1442 [24956] INFO perfrun.launcher <> - Application exit code: 0
1442 [24956] INFO perfrun.launcher <> - Exit code: 0
